<?xml version="1.0" encoding="UTF-8"?>
<!-- Generated by org.testng.reporters.JUnitReportReporter -->
<testsuite skipped="0" hostname="ORIGINAUTOMATION" name="com.origin.fractal.testauto.test.testsuites.WebTestsVenueCreation" tests="2" failures="0" timestamp="24 Oct 2019 09:10:31 GMT" time="360.289" errors="0">
  <testcase name="ClassroomVenu" time="114.384" classname="com.origin.fractal.testauto.test.testsuites.WebTestsVenueCreation"/>
  <testcase name="invalidTests" time="245.905" classname="com.origin.fractal.testauto.test.testsuites.WebTestsVenueCreation"/>
</testsuite> <!-- com.origin.fractal.testauto.test.testsuites.WebTestsVenueCreation -->
