<?xml version="1.0" encoding="UTF-8"?>
<!-- Generated by org.testng.reporters.JUnitReportReporter -->
<testsuite skipped="4" hostname="DESKTOP-TTUNNNM" name="com.origin.fractal.testauto.test.testsuites.WebTestsHome" tests="5" failures="0" timestamp="30 Jan 2020 05:21:48 GMT" time="248.899" errors="0">
  <testcase name="testHomePage" time="248.899" classname="com.origin.fractal.testauto.test.testsuites.WebTestsHome"/>
  <testcase name="testHomePageX" classname="com.origin.fractal.testauto.test.testsuites.WebTestsHome">
    <skipped/>
  </testcase> <!-- testHomePageX -->
  <testcase name="testHomePageVerifyFiltersRcntRecommended" classname="com.origin.fractal.testauto.test.testsuites.WebTestsHome">
    <skipped/>
  </testcase> <!-- testHomePageVerifyFiltersRcntRecommended -->
  <testcase name="testHomePageVerifyFiltersForKOandMostAdded" classname="com.origin.fractal.testauto.test.testsuites.WebTestsHome">
    <skipped/>
  </testcase> <!-- testHomePageVerifyFiltersForKOandMostAdded -->
  <testcase name="testHomePageVerifyRcntAddedCourseNavigation" classname="com.origin.fractal.testauto.test.testsuites.WebTestsHome">
    <skipped/>
  </testcase> <!-- testHomePageVerifyRcntAddedCourseNavigation -->
</testsuite> <!-- com.origin.fractal.testauto.test.testsuites.WebTestsHome -->
