<?xml version="1.0" encoding="UTF-8"?>
<!-- Generated by org.testng.reporters.JUnitReportReporter -->
<testsuite skipped="0" hostname="ORIGINAUTOMATION" name="com.origin.fractal.testauto.test.testsuites.WebTestClassroomCreation1" tests="1" failures="0" timestamp="10 Feb 2020 10:12:49 GMT" time="409.038" errors="0">
  <testcase name="testClassroomCreation" time="409.038" classname="com.origin.fractal.testauto.test.testsuites.WebTestClassroomCreation1"/>
</testsuite> <!-- com.origin.fractal.testauto.test.testsuites.WebTestClassroomCreation1 -->
