<?xml version="1.0" encoding="UTF-8"?>
<!-- Generated by org.testng.reporters.JUnitReportReporter -->
<testsuite skipped="0" hostname="ORIGINAUTOMATION" name="com.origin.fractal.testauto.test.testsuites.WebTestsVenueCreation" tests="2" failures="0" timestamp="21 Oct 2019 07:54:54 GMT" time="330.745" errors="0">
  <testcase name="ClassroomVenu" time="117.740" classname="com.origin.fractal.testauto.test.testsuites.WebTestsVenueCreation"/>
  <testcase name="invalidTests" time="213.005" classname="com.origin.fractal.testauto.test.testsuites.WebTestsVenueCreation"/>
</testsuite> <!-- com.origin.fractal.testauto.test.testsuites.WebTestsVenueCreation -->
