<?xml version="1.0" encoding="UTF-8"?>
<!-- Generated by org.testng.reporters.JUnitReportReporter -->
<testsuite skipped="1" hostname="ORIGINAUTOMATION" name="com.origin.fractal.testauto.test.testsuites.WebTestClassroomCreation" tests="2" failures="0" timestamp="22 Oct 2019 05:14:39 GMT" time="181.520" errors="0">
  <testcase name="testVerifyClassroomCreation" time="181.520" classname="com.origin.fractal.testauto.test.testsuites.WebTestClassroomCreation"/>
  <testcase name="testClassroomCreation" classname="com.origin.fractal.testauto.test.testsuites.WebTestClassroomCreation">
    <skipped/>
  </testcase> <!-- testClassroomCreation -->
</testsuite> <!-- com.origin.fractal.testauto.test.testsuites.WebTestClassroomCreation -->
