<?xml version="1.0" encoding="UTF-8"?>
<!-- Generated by org.testng.reporters.JUnitReportReporter -->
<testsuite skipped="0" hostname="ORIGINAUTOMATION" name="com.origin.fractal.testauto.test.testsuites.WebTestsClassroomCC" tests="1" failures="0" timestamp="15 Oct 2019 06:58:27 GMT" time="249.298" errors="0">
  <testcase name="testClassroom" time="249.298" classname="com.origin.fractal.testauto.test.testsuites.WebTestsClassroomCC"/>
</testsuite> <!-- com.origin.fractal.testauto.test.testsuites.WebTestsClassroomCC -->
