<?xml version="1.0" encoding="UTF-8"?>
<!-- Generated by org.testng.reporters.JUnitReportReporter -->
<testsuite skipped="0" hostname="Origins-Mac-mini.local" name="com.origin.fractal.testauto.test.testsuites.WebTestsVenueCreation" tests="2" failures="0" timestamp="23 Oct 2019 12:05:34 GMT" time="313.626" errors="0">
  <testcase name="ClassroomVenu" time="121.412" classname="com.origin.fractal.testauto.test.testsuites.WebTestsVenueCreation"/>
  <testcase name="invalidTests" time="192.214" classname="com.origin.fractal.testauto.test.testsuites.WebTestsVenueCreation"/>
</testsuite> <!-- com.origin.fractal.testauto.test.testsuites.WebTestsVenueCreation -->
