<?xml version="1.0" encoding="UTF-8"?>
<!-- Generated by org.testng.reporters.JUnitReportReporter -->
<testsuite skipped="0" hostname="ORIGINAUTOMATION" name="com.origin.fractal.testauto.test.testsuites.WebTestClassroomEvents" tests="6" failures="0" timestamp="11 Oct 2019 10:16:22 GMT" time="1082.122" errors="0">
  <testcase name="verifyEvents2" time="164.312" classname="com.origin.fractal.testauto.test.testsuites.WebTestClassroomEvents"/>
  <testcase name="verifyEvents5" time="191.632" classname="com.origin.fractal.testauto.test.testsuites.WebTestClassroomEvents"/>
  <testcase name="verifyEvents1" time="105.944" classname="com.origin.fractal.testauto.test.testsuites.WebTestClassroomEvents"/>
  <testcase name="verifyEvents3" time="135.425" classname="com.origin.fractal.testauto.test.testsuites.WebTestClassroomEvents"/>
  <testcase name="verifyEvents" time="182.397" classname="com.origin.fractal.testauto.test.testsuites.WebTestClassroomEvents"/>
  <testcase name="verifyEvents4" time="302.412" classname="com.origin.fractal.testauto.test.testsuites.WebTestClassroomEvents"/>
</testsuite> <!-- com.origin.fractal.testauto.test.testsuites.WebTestClassroomEvents -->
