<?xml version="1.0" encoding="UTF-8"?>
<!-- Generated by org.testng.reporters.JUnitReportReporter -->
<testsuite hostname="DESKTOP-814HI1R" failures="0" tests="2" name="com.origin.fractal.testauto.test.testsuites.WebTestsAccount" time="353.598" errors="0" timestamp="29 Nov 2019 05:53:58 GMT" skipped="1">
  <testcase classname="com.origin.fractal.testauto.test.testsuites.WebTestsAccount" name="testMyAccountPage" time="353.598"/>
  <testcase classname="com.origin.fractal.testauto.test.testsuites.WebTestsAccount" name="testMyAccountPage1">
    <skipped/>
  </testcase> <!-- testMyAccountPage1 -->
</testsuite> <!-- com.origin.fractal.testauto.test.testsuites.WebTestsAccount -->
