<?xml version="1.0" encoding="UTF-8"?>
<!-- Generated by org.testng.reporters.JUnitReportReporter -->
<testsuite skipped="0" hostname="ORIGINAUTOMATION" name="com.origin.fractal.testauto.test.testsuites.WebTestVersionCheck" tests="1" failures="0" timestamp="03 Sep 2019 08:54:59 GMT" time="24.760" errors="0">
  <testcase name="testLogin" time="24.760" classname="com.origin.fractal.testauto.test.testsuites.WebTestVersionCheck"/>
</testsuite> <!-- com.origin.fractal.testauto.test.testsuites.WebTestVersionCheck -->
