<?xml version="1.0" encoding="UTF-8"?>
<!-- Generated by org.testng.reporters.JUnitReportReporter -->
<testsuite skipped="0" hostname="ORIGINAUTOMATION" name="com.origin.fractal.testauto.test.testsuites.WebTestSettingsAdmin" tests="1" failures="0" timestamp="24 Oct 2019 10:56:14 GMT" time="84.231" errors="0">
  <testcase name="WebTestSettingsAdminPaymentConfig" time="84.231" classname="com.origin.fractal.testauto.test.testsuites.WebTestSettingsAdmin"/>
</testsuite> <!-- com.origin.fractal.testauto.test.testsuites.WebTestSettingsAdmin -->
