<?xml version="1.0" encoding="UTF-8"?>
<!-- Generated by org.testng.reporters.JUnitReportReporter -->
<testsuite skipped="0" hostname="ORIGINAUTOMATION" name="com.origin.fractal.testauto.test.testsuites.WebTestRolesManagement" tests="2" failures="0" timestamp="16 Mar 2020 07:22:29 GMT" time="601.594" errors="0">
  <testcase name="testroles" time="333.131" classname="com.origin.fractal.testauto.test.testsuites.WebTestRolesManagement"/>
  <testcase name="webTestRolesCheck" time="268.463" classname="com.origin.fractal.testauto.test.testsuites.WebTestRolesManagement"/>
</testsuite> <!-- com.origin.fractal.testauto.test.testsuites.WebTestRolesManagement -->
