<?xml version="1.0" encoding="UTF-8"?>
<!-- Generated by org.testng.reporters.JUnitReportReporter -->
<testsuite skipped="0" hostname="OLSCHN-PC-0229-new" name="com.origin.fractal.testauto.test.testsuites.WebTestNewUI" tests="3" failures="0" timestamp="07 Sep 2019 04:19:11 GMT" time="641.920" errors="0">
  <testcase name="testMyAccountPage" time="272.314" classname="com.origin.fractal.testauto.test.testsuites.WebTestNewUI"/>
  <testcase name="testMyLearningPage0" time="152.863" classname="com.origin.fractal.testauto.test.testsuites.WebTestNewUI"/>
  <testcase name="testLogin" time="216.743" classname="com.origin.fractal.testauto.test.testsuites.WebTestNewUI"/>
</testsuite> <!-- com.origin.fractal.testauto.test.testsuites.WebTestNewUI -->
