<?xml version="1.0" encoding="UTF-8"?>
<!-- Generated by org.testng.reporters.JUnitReportReporter -->
<testsuite skipped="1" hostname="ORIGINAUTOMATION" name="com.origin.fractal.testauto.test.testsuites.WebTestClassroomCreation" tests="2" failures="0" timestamp="11 Oct 2019 10:38:59 GMT" time="568.297" errors="0">
  <testcase name="testClassroomCreation" time="568.297" classname="com.origin.fractal.testauto.test.testsuites.WebTestClassroomCreation"/>
  <testcase name="testVerifyClassroomCreation" classname="com.origin.fractal.testauto.test.testsuites.WebTestClassroomCreation">
    <skipped/>
  </testcase> <!-- testVerifyClassroomCreation -->
</testsuite> <!-- com.origin.fractal.testauto.test.testsuites.WebTestClassroomCreation -->
