<?xml version="1.0" encoding="UTF-8"?>
<!-- Generated by org.testng.reporters.JUnitReportReporter -->
<testsuite hostname="DESKTOP-814HI1R" failures="0" tests="6" name="com.origin.fractal.testauto.test.testsuites.WebTestClassroomEvents" time="337.578" errors="0" timestamp="04 Dec 2019 06:40:20 GMT" skipped="5">
  <testcase classname="com.origin.fractal.testauto.test.testsuites.WebTestClassroomEvents" name="verifyEvents4" time="337.578"/>
  <testcase classname="com.origin.fractal.testauto.test.testsuites.WebTestClassroomEvents" name="verifyEvents">
    <skipped/>
  </testcase> <!-- verifyEvents -->
  <testcase classname="com.origin.fractal.testauto.test.testsuites.WebTestClassroomEvents" name="verifyEvents3">
    <skipped/>
  </testcase> <!-- verifyEvents3 -->
  <testcase classname="com.origin.fractal.testauto.test.testsuites.WebTestClassroomEvents" name="verifyEvents1">
    <skipped/>
  </testcase> <!-- verifyEvents1 -->
  <testcase classname="com.origin.fractal.testauto.test.testsuites.WebTestClassroomEvents" name="verifyEvents2">
    <skipped/>
  </testcase> <!-- verifyEvents2 -->
  <testcase classname="com.origin.fractal.testauto.test.testsuites.WebTestClassroomEvents" name="verifyEvents5">
    <skipped/>
  </testcase> <!-- verifyEvents5 -->
</testsuite> <!-- com.origin.fractal.testauto.test.testsuites.WebTestClassroomEvents -->
