<?xml version="1.0" encoding="UTF-8"?>
<!-- Generated by org.testng.reporters.JUnitReportReporter -->
<testsuite skipped="2" hostname="ORIGINAUTOMATION" name="com.origin.fractal.testauto.test.testsuites.WebTestNewUI" tests="3" failures="0" timestamp="22 Oct 2019 05:50:22 GMT" time="154.561" errors="0">
  <testcase name="testMyLearningPage0" time="154.561" classname="com.origin.fractal.testauto.test.testsuites.WebTestNewUI"/>
  <testcase name="testLogin" classname="com.origin.fractal.testauto.test.testsuites.WebTestNewUI">
    <skipped/>
  </testcase> <!-- testLogin -->
  <testcase name="testMyAccountPage" classname="com.origin.fractal.testauto.test.testsuites.WebTestNewUI">
    <skipped/>
  </testcase> <!-- testMyAccountPage -->
</testsuite> <!-- com.origin.fractal.testauto.test.testsuites.WebTestNewUI -->
