<?xml version="1.0" encoding="UTF-8"?>
<!-- Generated by org.testng.reporters.JUnitReportReporter -->
<testsuite skipped="1" hostname="ORIGINAUTOMATION" name="com.origin.fractal.testauto.test.testsuites.WebTestClassroomCreation" tests="2" failures="0" timestamp="29 Oct 2019 10:26:59 GMT" time="182.305" errors="0">
  <testcase name="testVerifyClassroomCreation" time="182.305" classname="com.origin.fractal.testauto.test.testsuites.WebTestClassroomCreation"/>
  <testcase name="testClassroomCreation" classname="com.origin.fractal.testauto.test.testsuites.WebTestClassroomCreation">
    <skipped/>
  </testcase> <!-- testClassroomCreation -->
</testsuite> <!-- com.origin.fractal.testauto.test.testsuites.WebTestClassroomCreation -->
