<?xml version="1.0" encoding="UTF-8"?>
<!-- Generated by org.testng.reporters.JUnitReportReporter -->
<testsuite skipped="0" hostname="DESKTOP-TTUNNNM" name="com.origin.fractal.testauto.test.testsuites.WebTestsMyLearning" tests="5" failures="0" timestamp="27 Jan 2020 05:56:50 GMT" time="984.331" errors="0">
  <testcase name="testMyLearningPage3" time="162.793" classname="com.origin.fractal.testauto.test.testsuites.WebTestsMyLearning"/>
  <testcase name="testMyLearningPage0" time="165.207" classname="com.origin.fractal.testauto.test.testsuites.WebTestsMyLearning"/>
  <testcase name="testMyLearningPage1" time="184.145" classname="com.origin.fractal.testauto.test.testsuites.WebTestsMyLearning"/>
  <testcase name="testMyLearningPage2" time="232.292" classname="com.origin.fractal.testauto.test.testsuites.WebTestsMyLearning"/>
  <testcase name="testMyLearningPageClassroom" time="239.894" classname="com.origin.fractal.testauto.test.testsuites.WebTestsMyLearning"/>
</testsuite> <!-- com.origin.fractal.testauto.test.testsuites.WebTestsMyLearning -->
