<?xml version="1.0" encoding="UTF-8"?>
<!-- Generated by org.testng.reporters.JUnitReportReporter -->
<testsuite skipped="5" hostname="Origins-Mac-mini.local" name="com.origin.fractal.testauto.test.testsuites.WebTestClassroomEvents" tests="6" failures="0" timestamp="10 Oct 2019 12:23:27 GMT" time="193.210" errors="0">
  <testcase name="verifyEvents3" time="193.210" classname="com.origin.fractal.testauto.test.testsuites.WebTestClassroomEvents"/>
  <testcase name="verifyEvents" classname="com.origin.fractal.testauto.test.testsuites.WebTestClassroomEvents">
    <skipped/>
  </testcase> <!-- verifyEvents -->
  <testcase name="verifyEvents4" classname="com.origin.fractal.testauto.test.testsuites.WebTestClassroomEvents">
    <skipped/>
  </testcase> <!-- verifyEvents4 -->
  <testcase name="verifyEvents1" classname="com.origin.fractal.testauto.test.testsuites.WebTestClassroomEvents">
    <skipped/>
  </testcase> <!-- verifyEvents1 -->
  <testcase name="verifyEvents2" classname="com.origin.fractal.testauto.test.testsuites.WebTestClassroomEvents">
    <skipped/>
  </testcase> <!-- verifyEvents2 -->
  <testcase name="verifyEvents5" classname="com.origin.fractal.testauto.test.testsuites.WebTestClassroomEvents">
    <skipped/>
  </testcase> <!-- verifyEvents5 -->
</testsuite> <!-- com.origin.fractal.testauto.test.testsuites.WebTestClassroomEvents -->
