<?xml version="1.0" encoding="UTF-8"?>
<!-- Generated by org.testng.reporters.JUnitReportReporter -->
<testsuite skipped="0" hostname="ORIGINAUTOMATION" name="com.origin.fractal.testauto.test.testsuites.WebTestNotification" tests="1" failures="0" timestamp="25 Oct 2019 06:58:51 GMT" time="265.050" errors="0">
  <testcase name="WebTestEmailNotification" time="265.050" classname="com.origin.fractal.testauto.test.testsuites.WebTestNotification"/>
</testsuite> <!-- com.origin.fractal.testauto.test.testsuites.WebTestNotification -->
