<?xml version="1.0" encoding="UTF-8"?>
<!-- Generated by org.testng.reporters.JUnitReportReporter -->
<testsuite skipped="0" hostname="DESKTOP-QP8FO41" name="com.origin.originweb.testauto.test.testsuites.WebTestOriginLearningLoad" tests="1" failures="0" timestamp="15 Oct 2020 09:31:31 GMT" time="247.552" errors="0">
  <testcase name="TestHeaderElementPageLoading" time="247.552" classname="com.origin.originweb.testauto.test.testsuites.WebTestOriginLearningLoad"/>
</testsuite> <!-- com.origin.originweb.testauto.test.testsuites.WebTestOriginLearningLoad -->
