<?xml version="1.0" encoding="UTF-8"?>
<!-- Generated by org.testng.reporters.JUnitReportReporter -->
<testsuite skipped="0" hostname="ORIGINAUTOMATION" name="com.origin.fractal.testauto.test.testsuites.WebTestsMyLearning" tests="5" failures="0" timestamp="04 Nov 2019 10:22:49 GMT" time="398.852" errors="0">
  <testcase name="testMyLearningPage0" time="56.335" classname="com.origin.fractal.testauto.test.testsuites.WebTestsMyLearning"/>
  <testcase name="testMyLearningPage2" time="119.208" classname="com.origin.fractal.testauto.test.testsuites.WebTestsMyLearning"/>
  <testcase name="testMyLearningPage1" time="86.529" classname="com.origin.fractal.testauto.test.testsuites.WebTestsMyLearning"/>
  <testcase name="testMyLearningPageClassroom" time="68.774" classname="com.origin.fractal.testauto.test.testsuites.WebTestsMyLearning"/>
  <testcase name="testMyLearningPage3" time="68.006" classname="com.origin.fractal.testauto.test.testsuites.WebTestsMyLearning"/>
</testsuite> <!-- com.origin.fractal.testauto.test.testsuites.WebTestsMyLearning -->
