<?xml version="1.0" encoding="UTF-8"?>
<!-- Generated by org.testng.reporters.JUnitReportReporter -->
<testsuite skipped="0" hostname="ORIGINAUTOMATION" name="com.origin.fractal.testauto.test.testsuites.WebTestNewUI" tests="3" failures="0" timestamp="17 Jan 2020 06:54:16 GMT" time="803.873" errors="0">
  <testcase name="testLogin" time="409.170" classname="com.origin.fractal.testauto.test.testsuites.WebTestNewUI"/>
  <testcase name="testMyLearningPage0" time="140.078" classname="com.origin.fractal.testauto.test.testsuites.WebTestNewUI"/>
  <testcase name="testMyAccountPage" time="254.625" classname="com.origin.fractal.testauto.test.testsuites.WebTestNewUI"/>
</testsuite> <!-- com.origin.fractal.testauto.test.testsuites.WebTestNewUI -->
