<?xml version="1.0" encoding="UTF-8"?>
<!-- Generated by org.testng.reporters.JUnitReportReporter -->
<testsuite skipped="0" hostname="OLSCHN-PC-0229-new" name="com.origin.fractal.testauto.test.testsuites.mobile.AndroidTestProd" tests="6" failures="0" timestamp="14 Oct 2019 07:44:42 GMT" time="1044.481" errors="0">
  <testcase name="verifyMenuPage" time="145.409" classname="com.origin.fractal.testauto.test.testsuites.mobile.AndroidTestProd"/>
  <testcase name="LoginPage" time="275.017" classname="com.origin.fractal.testauto.test.testsuites.mobile.AndroidTestProd"/>
  <testcase name="verifySelectClientPage" time="95.328" classname="com.origin.fractal.testauto.test.testsuites.mobile.AndroidTestProd"/>
  <testcase name="verifyMyAccountPage" time="298.169" classname="com.origin.fractal.testauto.test.testsuites.mobile.AndroidTestProd"/>
  <testcase name="verifHomePage" time="135.470" classname="com.origin.fractal.testauto.test.testsuites.mobile.AndroidTestProd"/>
  <testcase name="verifySplashScreen" time="95.088" classname="com.origin.fractal.testauto.test.testsuites.mobile.AndroidTestProd"/>
</testsuite> <!-- com.origin.fractal.testauto.test.testsuites.mobile.AndroidTestProd -->
