<?xml version="1.0" encoding="UTF-8"?>
<!-- Generated by org.testng.reporters.JUnitReportReporter -->
<testsuite skipped="1" hostname="DESKTOP-TTUNNNM" name="com.origin.fractal.testauto.test.testsuites.WebTestsAccount" tests="2" failures="0" timestamp="17 Jan 2020 09:57:55 GMT" time="375.943" errors="0">
  <testcase name="testMyAccountPage" time="375.943" classname="com.origin.fractal.testauto.test.testsuites.WebTestsAccount"/>
  <testcase name="testMyAccountPage1" classname="com.origin.fractal.testauto.test.testsuites.WebTestsAccount">
    <skipped/>
  </testcase> <!-- testMyAccountPage1 -->
</testsuite> <!-- com.origin.fractal.testauto.test.testsuites.WebTestsAccount -->
