<?xml version="1.0" encoding="UTF-8"?>
<!-- Generated by org.testng.reporters.JUnitReportReporter -->
<testsuite skipped="0" hostname="ORIGINAUTOMATION" name="com.origin.fractal.testauto.test.testsuites.WebTestClassroomCreation" tests="2" failures="0" timestamp="30 Oct 2019 07:02:28 GMT" time="732.070" errors="0">
  <testcase name="testVerifyClassroomCreation" time="181.255" classname="com.origin.fractal.testauto.test.testsuites.WebTestClassroomCreation"/>
  <testcase name="testClassroomCreation" time="550.815" classname="com.origin.fractal.testauto.test.testsuites.WebTestClassroomCreation"/>
</testsuite> <!-- com.origin.fractal.testauto.test.testsuites.WebTestClassroomCreation -->
