<?xml version="1.0" encoding="UTF-8"?>
<!-- Generated by org.testng.reporters.JUnitReportReporter -->
<<<<<<< HEAD
<testsuite skipped="0" hostname="Origins-Mac-mini.local" name="com.origin.fractal.testauto.test.testsuites.WebTestsVenueCreation" tests="2" failures="0" timestamp="23 Oct 2019 12:05:34 GMT" time="313.626" errors="0">
  <testcase name="ClassroomVenu" time="121.412" classname="com.origin.fractal.testauto.test.testsuites.WebTestsVenueCreation"/>
  <testcase name="invalidTests" time="192.214" classname="com.origin.fractal.testauto.test.testsuites.WebTestsVenueCreation"/>
=======
<testsuite skipped="0" hostname="ORIGINAUTOMATION" name="com.origin.fractal.testauto.test.testsuites.WebTestsVenueCreation" tests="2" failures="0" timestamp="21 Oct 2019 07:54:54 GMT" time="330.745" errors="0">
  <testcase name="ClassroomVenu" time="117.740" classname="com.origin.fractal.testauto.test.testsuites.WebTestsVenueCreation"/>
  <testcase name="invalidTests" time="213.005" classname="com.origin.fractal.testauto.test.testsuites.WebTestsVenueCreation"/>
>>>>>>> 8160d7e10a79877b93c27dda25424c89d4dd7047
</testsuite> <!-- com.origin.fractal.testauto.test.testsuites.WebTestsVenueCreation -->
