<?xml version="1.0" encoding="UTF-8"?>
<!-- Generated by org.testng.reporters.JUnitReportReporter -->
<testsuite skipped="0" hostname="Origins-Mac-mini.local" name="com.origin.fractal.testauto.test.testsuites.WebTestsLogin" tests="4" failures="0" timestamp="23 Sep 2019 12:47:54 GMT" time="324.684" errors="0">
  <testcase name="forgotPassword" time="71.637" classname="com.origin.fractal.testauto.test.testsuites.WebTestsLogin"/>
  <testcase name="testLoginSearchLink" time="18.746" classname="com.origin.fractal.testauto.test.testsuites.WebTestsLogin"/>
  <testcase name="testLogin" time="220.139" classname="com.origin.fractal.testauto.test.testsuites.WebTestsLogin"/>
  <testcase name="testLoginInvalid" time="14.162" classname="com.origin.fractal.testauto.test.testsuites.WebTestsLogin"/>
</testsuite> <!-- com.origin.fractal.testauto.test.testsuites.WebTestsLogin -->
