<?xml version="1.0" encoding="UTF-8"?>
<!-- Generated by org.testng.reporters.JUnitReportReporter -->
<testsuite hostname="DESKTOP-814HI1R" failures="0" tests="1" name="com.origin.fractal.testauto.test.testsuites.WebTestSettingsAdmin" time="150.493" errors="0" timestamp="29 Nov 2019 05:59:27 GMT" skipped="0">
  <testcase classname="com.origin.fractal.testauto.test.testsuites.WebTestSettingsAdmin" name="WebTestSettingsAdminPaymentConfig" time="150.493"/>
</testsuite> <!-- com.origin.fractal.testauto.test.testsuites.WebTestSettingsAdmin -->
