<?xml version="1.0" encoding="UTF-8"?>
<!-- Generated by org.testng.reporters.JUnitReportReporter -->
<testsuite skipped="0" hostname="ORIGINAUTOMATION" name="com.origin.fractal.testauto.test.testsuites.WebTestsVenueCreation" tests="2" failures="0" timestamp="28 Jan 2020 05:56:13 GMT" time="395.683" errors="0">
  <testcase name="ClassroomVenu" time="146.700" classname="com.origin.fractal.testauto.test.testsuites.WebTestsVenueCreation"/>
  <testcase name="invalidTests" time="248.983" classname="com.origin.fractal.testauto.test.testsuites.WebTestsVenueCreation"/>
</testsuite> <!-- com.origin.fractal.testauto.test.testsuites.WebTestsVenueCreation -->
