<?xml version="1.0" encoding="UTF-8"?>
<!-- Generated by org.testng.reporters.JUnitReportReporter -->
<testsuite skipped="2" hostname="ORIGINAUTOMATION" name="com.origin.fractal.testauto.test.testsuites.WebTestNewUI" tests="3" failures="0" timestamp="17 Jan 2020 05:31:16 GMT" time="226.969" errors="0">
  <testcase name="testMyLearningPage0" time="226.969" classname="com.origin.fractal.testauto.test.testsuites.WebTestNewUI"/>
  <testcase name="testLogin" classname="com.origin.fractal.testauto.test.testsuites.WebTestNewUI">
    <skipped/>
  </testcase> <!-- testLogin -->
  <testcase name="testMyAccountPage" classname="com.origin.fractal.testauto.test.testsuites.WebTestNewUI">
    <skipped/>
  </testcase> <!-- testMyAccountPage -->
</testsuite> <!-- com.origin.fractal.testauto.test.testsuites.WebTestNewUI -->
