<?xml version="1.0" encoding="UTF-8"?>
<!-- Generated by org.testng.reporters.JUnitReportReporter -->
<testsuite skipped="3" hostname="ORIGINAUTOMATION" name="com.origin.fractal.testauto.test.testsuites.WebTestsMyLearning" tests="5" failures="0" timestamp="16 Oct 2019 05:41:19 GMT" time="284.381" errors="0">
  <testcase name="testMyLearningPage3" time="67.972" classname="com.origin.fractal.testauto.test.testsuites.WebTestsMyLearning"/>
  <testcase name="testMyLearningPageClassroom" time="216.409" classname="com.origin.fractal.testauto.test.testsuites.WebTestsMyLearning"/>
  <testcase name="testMyLearningPage2" classname="com.origin.fractal.testauto.test.testsuites.WebTestsMyLearning">
    <skipped/>
  </testcase> <!-- testMyLearningPage2 -->
  <testcase name="testMyLearningPage0" classname="com.origin.fractal.testauto.test.testsuites.WebTestsMyLearning">
    <skipped/>
  </testcase> <!-- testMyLearningPage0 -->
  <testcase name="testMyLearningPage1" classname="com.origin.fractal.testauto.test.testsuites.WebTestsMyLearning">
    <skipped/>
  </testcase> <!-- testMyLearningPage1 -->
</testsuite> <!-- com.origin.fractal.testauto.test.testsuites.WebTestsMyLearning -->
