<?xml version="1.0" encoding="UTF-8"?>
<!-- Generated by org.testng.reporters.JUnitReportReporter -->
<testsuite skipped="1" hostname="Origins-Mac-mini.local" name="com.origin.fractal.testauto.test.testsuites.WebTestsHome" tests="5" failures="0" timestamp="24 Sep 2019 11:33:50 GMT" time="359.388" errors="0">
  <testcase name="testHomePageVerifyFiltersForKOandMostAdded" time="222.383" classname="com.origin.fractal.testauto.test.testsuites.WebTestsHome"/>
  <testcase name="testHomePage" time="46.886" classname="com.origin.fractal.testauto.test.testsuites.WebTestsHome"/>
  <testcase name="testHomePageX" time="23.149" classname="com.origin.fractal.testauto.test.testsuites.WebTestsHome"/>
  <testcase name="testHomePageVerifyFiltersRcntRecommended" time="66.970" classname="com.origin.fractal.testauto.test.testsuites.WebTestsHome"/>
  <testcase name="testHomePageVerifyRcntAddedCourseNavigation" classname="com.origin.fractal.testauto.test.testsuites.WebTestsHome">
    <skipped/>
  </testcase> <!-- testHomePageVerifyRcntAddedCourseNavigation -->
</testsuite> <!-- com.origin.fractal.testauto.test.testsuites.WebTestsHome -->
