<?xml version="1.0" encoding="UTF-8"?>
<!-- Generated by org.testng.reporters.JUnitReportReporter -->
<testsuite skipped="1" hostname="DESKTOP-TTUNNNM" name="com.origin.fractal.testauto.test.testsuites.WebTestClassroomCreation" tests="2" failures="0" timestamp="30 Jan 2020 05:35:12 GMT" time="216.539" errors="0">
  <testcase name="testVerifyClassroomCreation" time="216.539" classname="com.origin.fractal.testauto.test.testsuites.WebTestClassroomCreation"/>
  <testcase name="testClassroomCreation" classname="com.origin.fractal.testauto.test.testsuites.WebTestClassroomCreation">
    <skipped/>
  </testcase> <!-- testClassroomCreation -->
</testsuite> <!-- com.origin.fractal.testauto.test.testsuites.WebTestClassroomCreation -->
