<?xml version="1.0" encoding="UTF-8"?>
<!-- Generated by org.testng.reporters.JUnitReportReporter -->
<testsuite skipped="0" hostname="ORIGINAUTOMATION" name="com.origin.fractal.testauto.test.testsuites.WebTestNewUI" tests="3" failures="0" timestamp="07 Sep 2019 12:55:45 GMT" time="649.356" errors="0">
  <testcase name="testMyLearningPage0" time="166.079" classname="com.origin.fractal.testauto.test.testsuites.WebTestNewUI"/>
  <testcase name="testLogin" time="262.567" classname="com.origin.fractal.testauto.test.testsuites.WebTestNewUI"/>
  <testcase name="testMyAccountPage" time="220.710" classname="com.origin.fractal.testauto.test.testsuites.WebTestNewUI"/>
</testsuite> <!-- com.origin.fractal.testauto.test.testsuites.WebTestNewUI -->
