<?xml version="1.0" encoding="UTF-8"?>
<!-- Generated by org.testng.reporters.JUnitReportReporter -->
<testsuite skipped="1" hostname="ORIGINAUTOMATION" name="com.origin.fractal.testauto.test.testsuites.WebTestClassroomEvents" tests="6" failures="0" timestamp="04 Nov 2019 05:05:12 GMT" time="925.955" errors="0">
  <testcase name="verifyEvents4" time="307.006" classname="com.origin.fractal.testauto.test.testsuites.WebTestClassroomEvents"/>
  <testcase name="verifyEvents2" time="165.179" classname="com.origin.fractal.testauto.test.testsuites.WebTestClassroomEvents"/>
  <testcase name="verifyEvents5" time="193.794" classname="com.origin.fractal.testauto.test.testsuites.WebTestClassroomEvents"/>
  <testcase name="verifyEvents1" time="117.719" classname="com.origin.fractal.testauto.test.testsuites.WebTestClassroomEvents"/>
  <testcase name="verifyEvents3" time="142.257" classname="com.origin.fractal.testauto.test.testsuites.WebTestClassroomEvents"/>
  <testcase name="verifyEvents" classname="com.origin.fractal.testauto.test.testsuites.WebTestClassroomEvents">
    <skipped/>
  </testcase> <!-- verifyEvents -->
</testsuite> <!-- com.origin.fractal.testauto.test.testsuites.WebTestClassroomEvents -->
