<?xml version="1.0" encoding="UTF-8"?>
<!-- Generated by org.testng.reporters.JUnitReportReporter -->
<testsuite skipped="0" hostname="ORIGINAUTOMATION" name="com.origin.fractal.testauto.test.testsuites.WebTestManageContentItemCode" tests="5" failures="0" timestamp="08 Nov 2019 08:48:22 GMT" time="981.638" errors="0">
  <testcase name="verifyLearningObjectsItemcodes" time="90.725" classname="com.origin.fractal.testauto.test.testsuites.WebTestManageContentItemCode"/>
  <testcase name="editVerifyLearningObjectsItemcodes" time="281.260" classname="com.origin.fractal.testauto.test.testsuites.WebTestManageContentItemCode"/>
  <testcase name="verifyCatalogItemcodes" time="81.486" classname="com.origin.fractal.testauto.test.testsuites.WebTestManageContentItemCode"/>
  <testcase name="editVerifyCatalogItemcodes" time="211.113" classname="com.origin.fractal.testauto.test.testsuites.WebTestManageContentItemCode"/>
  <testcase name="renameItemCodes_LO_CI" time="317.054" classname="com.origin.fractal.testauto.test.testsuites.WebTestManageContentItemCode"/>
</testsuite> <!-- com.origin.fractal.testauto.test.testsuites.WebTestManageContentItemCode -->
