<?xml version="1.0" encoding="UTF-8"?>
<!-- Generated by org.testng.reporters.JUnitReportReporter -->
<testsuite skipped="0" hostname="OLSCHN-PC-0229-new" name="com.origin.fractal.testauto.test.testsuites.mobile.AndroidTestProd" tests="6" failures="0" timestamp="30 Nov 2019 15:14:42 GMT" time="1141.484" errors="0">
  <testcase name="verifyMyAccountPage" time="297.857" classname="com.origin.fractal.testauto.test.testsuites.mobile.AndroidTestProd"/>
  <testcase name="LoginPage" time="305.650" classname="com.origin.fractal.testauto.test.testsuites.mobile.AndroidTestProd"/>
  <testcase name="verifHomePage" time="213.234" classname="com.origin.fractal.testauto.test.testsuites.mobile.AndroidTestProd"/>
  <testcase name="verifyMenuPage" time="122.592" classname="com.origin.fractal.testauto.test.testsuites.mobile.AndroidTestProd"/>
  <testcase name="verifySelectClientPage" time="101.827" classname="com.origin.fractal.testauto.test.testsuites.mobile.AndroidTestProd"/>
  <testcase name="verifySplashScreen" time="100.324" classname="com.origin.fractal.testauto.test.testsuites.mobile.AndroidTestProd"/>
</testsuite> <!-- com.origin.fractal.testauto.test.testsuites.mobile.AndroidTestProd -->
