<?xml version="1.0" encoding="UTF-8"?>
<!-- Generated by org.testng.reporters.JUnitReportReporter -->
<testsuite skipped="0" hostname="DESKTOP-LJ29EIC" name="com.origin.aau.testauto.test.testsuites.CommonWebTest" tests="2" failures="0" timestamp="09 Mar 2020 06:41:26 GMT" time="4854.327" errors="0">
  <testcase name="testAAU" time="2419.350" classname="com.origin.aau.testauto.test.testsuites.CommonWebTest"/>
  <testcase name="testAAU" time="2434.977" classname="com.origin.aau.testauto.test.testsuites.CommonWebTest"/>
</testsuite> <!-- com.origin.aau.testauto.test.testsuites.CommonWebTest -->
