<?xml version="1.0" encoding="UTF-8"?>
<!-- Generated by org.testng.reporters.JUnitReportReporter -->
<testsuite skipped="3" hostname="Origins-Mac-mini.local" name="com.origin.fractal.testauto.test.testsuites.WebTestsLogin" tests="4" failures="0" timestamp="02 Dec 2019 05:57:49 GMT" time="13.275" errors="0">
  <testcase name="testLogin" time="13.275" classname="com.origin.fractal.testauto.test.testsuites.WebTestsLogin"/>
  <testcase name="testLoginInvalid" classname="com.origin.fractal.testauto.test.testsuites.WebTestsLogin">
    <skipped/>
  </testcase> <!-- testLoginInvalid -->
  <testcase name="testLoginSearchLink" classname="com.origin.fractal.testauto.test.testsuites.WebTestsLogin">
    <skipped/>
  </testcase> <!-- testLoginSearchLink -->
  <testcase name="forgotPassword" classname="com.origin.fractal.testauto.test.testsuites.WebTestsLogin">
    <skipped/>
  </testcase> <!-- forgotPassword -->
</testsuite> <!-- com.origin.fractal.testauto.test.testsuites.WebTestsLogin -->
