<?xml version="1.0" encoding="UTF-8"?>
<!-- Generated by org.testng.reporters.JUnitReportReporter -->
<testsuite skipped="0" hostname="ORIGINAUTOMATION" name="com.origin.fractal.testauto.test.testsuites.WebTestsFractalLogin" tests="1" failures="0" timestamp="12 Mar 2020 11:21:17 GMT" time="109.174" errors="0">
  <testcase name="testLogin" time="109.174" classname="com.origin.fractal.testauto.test.testsuites.WebTestsFractalLogin"/>
</testsuite> <!-- com.origin.fractal.testauto.test.testsuites.WebTestsFractalLogin -->
