<?xml version="1.0" encoding="UTF-8"?>
<!-- Generated by org.testng.reporters.JUnitReportReporter -->
<testsuite skipped="5" hostname="OLSCHN-PC-0229-new" name="com.origin.fractal.testauto.test.testsuites.mobile.AndroidTestProd" tests="6" failures="0" timestamp="09 Oct 2019 08:42:39 GMT" time="101.336" errors="0">
  <testcase name="verifySplashScreen" time="101.336" classname="com.origin.fractal.testauto.test.testsuites.mobile.AndroidTestProd"/>
  <testcase name="verifySelectClientPage" classname="com.origin.fractal.testauto.test.testsuites.mobile.AndroidTestProd">
    <skipped/>
  </testcase> <!-- verifySelectClientPage -->
  <testcase name="LoginPage" classname="com.origin.fractal.testauto.test.testsuites.mobile.AndroidTestProd">
    <skipped/>
  </testcase> <!-- LoginPage -->
  <testcase name="verifyMyAccountPage" classname="com.origin.fractal.testauto.test.testsuites.mobile.AndroidTestProd">
    <skipped/>
  </testcase> <!-- verifyMyAccountPage -->
  <testcase name="verifHomePage" classname="com.origin.fractal.testauto.test.testsuites.mobile.AndroidTestProd">
    <skipped/>
  </testcase> <!-- verifHomePage -->
  <testcase name="verifyMenuPage" classname="com.origin.fractal.testauto.test.testsuites.mobile.AndroidTestProd">
    <skipped/>
  </testcase> <!-- verifyMenuPage -->
</testsuite> <!-- com.origin.fractal.testauto.test.testsuites.mobile.AndroidTestProd -->
