<?xml version="1.0" encoding="UTF-8"?>
<!-- Generated by org.testng.reporters.JUnitReportReporter -->
<testsuite skipped="0" hostname="ORIGINAUTOMATION" name="com.origin.fractal.testauto.test.testsuites.WebTestsSettings" tests="1" failures="0" timestamp="05 Nov 2019 06:42:05 GMT" time="25.708" errors="0">
  <testcase name="testSettings" time="25.708" classname="com.origin.fractal.testauto.test.testsuites.WebTestsSettings"/>
</testsuite> <!-- com.origin.fractal.testauto.test.testsuites.WebTestsSettings -->
