<?xml version="1.0" encoding="UTF-8"?>
<!-- Generated by org.testng.reporters.JUnitReportReporter -->
<testsuite skipped="0" hostname="ORIGINAUTOMATION" name="com.origin.fractal.testauto.test.testsuites.WebTestsClassroomCC" tests="1" failures="0" timestamp="17 Oct 2019 09:30:06 GMT" time="242.252" errors="0">
  <testcase name="testClassroom" time="242.252" classname="com.origin.fractal.testauto.test.testsuites.WebTestsClassroomCC"/>
</testsuite> <!-- com.origin.fractal.testauto.test.testsuites.WebTestsClassroomCC -->
