<?xml version="1.0" encoding="UTF-8"?>
<!-- Generated by org.testng.reporters.JUnitReportReporter -->
<testsuite skipped="4" hostname="DESKTOP-TTUNNNM" name="com.origin.fractal.testauto.test.testsuites.WebTestsHome" tests="5" failures="0" timestamp="30 Jan 2020 07:56:09 GMT" time="126.976" errors="0">
  <testcase name="testHomePageVerifyFiltersForKOandMostAdded" time="126.976" classname="com.origin.fractal.testauto.test.testsuites.WebTestsHome"/>
  <testcase name="testHomePageX" classname="com.origin.fractal.testauto.test.testsuites.WebTestsHome">
    <skipped/>
  </testcase> <!-- testHomePageX -->
  <testcase name="testHomePageVerifyFiltersRcntRecommended" classname="com.origin.fractal.testauto.test.testsuites.WebTestsHome">
    <skipped/>
  </testcase> <!-- testHomePageVerifyFiltersRcntRecommended -->
  <testcase name="testHomePageVerifyRcntAddedCourseNavigation" classname="com.origin.fractal.testauto.test.testsuites.WebTestsHome">
    <skipped/>
  </testcase> <!-- testHomePageVerifyRcntAddedCourseNavigation -->
  <testcase name="testHomePage" classname="com.origin.fractal.testauto.test.testsuites.WebTestsHome">
    <skipped/>
  </testcase> <!-- testHomePage -->
</testsuite> <!-- com.origin.fractal.testauto.test.testsuites.WebTestsHome -->
