<?xml version="1.0" encoding="UTF-8"?>
<!-- Generated by org.testng.reporters.JUnitReportReporter -->
<testsuite skipped="0" hostname="DESKTOP-LJ29EIC" name="com.origin.aau.testauto.test.testsuites.WebTestAAUGlobal" tests="1" failures="0" timestamp="10 Mar 2020 15:17:34 GMT" time="758.973" errors="0">
  <testcase name="TestAAUGlobalElements" time="758.973" classname="com.origin.aau.testauto.test.testsuites.WebTestAAUGlobal"/>
</testsuite> <!-- com.origin.aau.testauto.test.testsuites.WebTestAAUGlobal -->
