<?xml version="1.0" encoding="UTF-8"?>
<!-- Generated by org.testng.reporters.JUnitReportReporter -->
<testsuite skipped="0" hostname="OLSCHN-PC-0229-new" name="com.origin.fractal.testauto.test.testsuites.mobile.AndroidTestProd" tests="6" failures="0" timestamp="10 Oct 2019 09:52:48 GMT" time="1057.866" errors="0">
  <testcase name="verifySelectClientPage" time="91.889" classname="com.origin.fractal.testauto.test.testsuites.mobile.AndroidTestProd"/>
  <testcase name="verifySplashScreen" time="92.173" classname="com.origin.fractal.testauto.test.testsuites.mobile.AndroidTestProd"/>
  <testcase name="LoginPage" time="342.478" classname="com.origin.fractal.testauto.test.testsuites.mobile.AndroidTestProd"/>
  <testcase name="verifyMenuPage" time="121.072" classname="com.origin.fractal.testauto.test.testsuites.mobile.AndroidTestProd"/>
  <testcase name="verifyMyAccountPage" time="277.532" classname="com.origin.fractal.testauto.test.testsuites.mobile.AndroidTestProd"/>
  <testcase name="verifHomePage" time="132.722" classname="com.origin.fractal.testauto.test.testsuites.mobile.AndroidTestProd"/>
</testsuite> <!-- com.origin.fractal.testauto.test.testsuites.mobile.AndroidTestProd -->
