<?xml version="1.0" encoding="UTF-8"?>
<!-- Generated by org.testng.reporters.JUnitReportReporter -->
<testsuite skipped="0" hostname="DESKTOP-TTUNNNM" name="com.origin.fractal.testauto.test.testsuites.WebTestsMyLearning" tests="5" failures="0" timestamp="29 Jan 2020 12:16:08 GMT" time="907.652" errors="0">
  <testcase name="testMyLearningPage1" time="152.685" classname="com.origin.fractal.testauto.test.testsuites.WebTestsMyLearning"/>
  <testcase name="testMyLearningPage3" time="132.025" classname="com.origin.fractal.testauto.test.testsuites.WebTestsMyLearning"/>
  <testcase name="testMyLearningPageClassroom" time="237.527" classname="com.origin.fractal.testauto.test.testsuites.WebTestsMyLearning"/>
  <testcase name="testMyLearningPage2" time="306.445" classname="com.origin.fractal.testauto.test.testsuites.WebTestsMyLearning"/>
  <testcase name="testMyLearningPage0" time="78.970" classname="com.origin.fractal.testauto.test.testsuites.WebTestsMyLearning"/>
</testsuite> <!-- com.origin.fractal.testauto.test.testsuites.WebTestsMyLearning -->
