<?xml version="1.0" encoding="UTF-8"?>
<!-- Generated by org.testng.reporters.JUnitReportReporter -->
<testsuite skipped="4" hostname="ORIGINAUTOMATION" name="com.origin.fractal.testauto.test.testsuites.WebTestsMyLearning" tests="5" failures="0" timestamp="09 Oct 2019 10:11:02 GMT" time="154.299" errors="0">
  <testcase name="testMyLearningPage2" time="154.299" classname="com.origin.fractal.testauto.test.testsuites.WebTestsMyLearning"/>
  <testcase name="testMyLearningPage0" classname="com.origin.fractal.testauto.test.testsuites.WebTestsMyLearning">
    <skipped/>
  </testcase> <!-- testMyLearningPage0 -->
  <testcase name="testMyLearningPage3" classname="com.origin.fractal.testauto.test.testsuites.WebTestsMyLearning">
    <skipped/>
  </testcase> <!-- testMyLearningPage3 -->
  <testcase name="testMyLearningPage1" classname="com.origin.fractal.testauto.test.testsuites.WebTestsMyLearning">
    <skipped/>
  </testcase> <!-- testMyLearningPage1 -->
  <testcase name="testMyLearningPageClassroom" classname="com.origin.fractal.testauto.test.testsuites.WebTestsMyLearning">
    <skipped/>
  </testcase> <!-- testMyLearningPageClassroom -->
</testsuite> <!-- com.origin.fractal.testauto.test.testsuites.WebTestsMyLearning -->
