<?xml version="1.0" encoding="UTF-8"?>
<!-- Generated by org.testng.reporters.JUnitReportReporter -->
<<<<<<< HEAD
<testsuite skipped="1" hostname="Origins-Mac-mini.local" name="com.origin.fractal.testauto.test.testsuites.WebTestsHome" tests="5" failures="0" timestamp="24 Sep 2019 11:33:50 GMT" time="359.388" errors="0">
  <testcase name="testHomePageVerifyFiltersForKOandMostAdded" time="222.383" classname="com.origin.fractal.testauto.test.testsuites.WebTestsHome"/>
  <testcase name="testHomePage" time="46.886" classname="com.origin.fractal.testauto.test.testsuites.WebTestsHome"/>
  <testcase name="testHomePageX" time="23.149" classname="com.origin.fractal.testauto.test.testsuites.WebTestsHome"/>
  <testcase name="testHomePageVerifyFiltersRcntRecommended" time="66.970" classname="com.origin.fractal.testauto.test.testsuites.WebTestsHome"/>
  <testcase name="testHomePageVerifyRcntAddedCourseNavigation" classname="com.origin.fractal.testauto.test.testsuites.WebTestsHome">
    <skipped/>
=======
<testsuite skipped="4" hostname="ORIGINAUTOMATION" name="com.origin.fractal.testauto.test.testsuites.WebTestsHome" tests="5" failures="0" timestamp="04 Nov 2019 09:26:35 GMT" time="143.422" errors="0">
  <testcase name="testHomePage" time="143.422" classname="com.origin.fractal.testauto.test.testsuites.WebTestsHome"/>
  <testcase name="testHomePageX" classname="com.origin.fractal.testauto.test.testsuites.WebTestsHome">
    <skipped/>
  </testcase> <!-- testHomePageX -->
  <testcase name="testHomePageVerifyFiltersRcntRecommended" classname="com.origin.fractal.testauto.test.testsuites.WebTestsHome">
    <skipped/>
  </testcase> <!-- testHomePageVerifyFiltersRcntRecommended -->
  <testcase name="testHomePageVerifyFiltersForKOandMostAdded" classname="com.origin.fractal.testauto.test.testsuites.WebTestsHome">
    <skipped/>
  </testcase> <!-- testHomePageVerifyFiltersForKOandMostAdded -->
  <testcase name="testHomePageVerifyRcntAddedCourseNavigation" classname="com.origin.fractal.testauto.test.testsuites.WebTestsHome">
    <skipped/>
>>>>>>> 8160d7e10a79877b93c27dda25424c89d4dd7047
  </testcase> <!-- testHomePageVerifyRcntAddedCourseNavigation -->
</testsuite> <!-- com.origin.fractal.testauto.test.testsuites.WebTestsHome -->
