<?xml version="1.0" encoding="UTF-8"?>
<!-- Generated by org.testng.reporters.JUnitReportReporter -->
<testsuite skipped="2" hostname="ORIGINAUTOMATION" name="com.origin.fractal.testauto.test.testsuites.WebTestNewUI" tests="3" failures="0" timestamp="19 Dec 2019 05:19:54 GMT" time="251.959" errors="0">
  <testcase name="testMyAccountPage" time="251.959" classname="com.origin.fractal.testauto.test.testsuites.WebTestNewUI"/>
  <testcase name="testMyLearningPage0" classname="com.origin.fractal.testauto.test.testsuites.WebTestNewUI">
    <skipped/>
  </testcase> <!-- testMyLearningPage0 -->
  <testcase name="testLogin" classname="com.origin.fractal.testauto.test.testsuites.WebTestNewUI">
    <skipped/>
  </testcase> <!-- testLogin -->
</testsuite> <!-- com.origin.fractal.testauto.test.testsuites.WebTestNewUI -->
