<?xml version="1.0" encoding="UTF-8"?>
<!-- Generated by org.testng.reporters.JUnitReportReporter -->
<testsuite skipped="0" hostname="ORIGINAUTOMATION" name="com.origin.fractal.testauto.test.testsuites.WebTestSettingsAdmin" tests="1" failures="0" timestamp="25 Oct 2019 05:44:04 GMT" time="75.901" errors="0">
  <testcase name="WebTestSettingsAdminPaymentConfig" time="75.901" classname="com.origin.fractal.testauto.test.testsuites.WebTestSettingsAdmin"/>
</testsuite> <!-- com.origin.fractal.testauto.test.testsuites.WebTestSettingsAdmin -->
