<?xml version="1.0" encoding="UTF-8"?>
<!-- Generated by org.testng.reporters.JUnitReportReporter -->
<testsuite skipped="0" hostname="DESKTOP-LJ29EIC" name="com.origin.aau.testauto.test.testsuites.WebTestAttendPage" tests="1" failures="0" timestamp="10 Mar 2020 15:47:54 GMT" time="1744.824" errors="0">
  <testcase name="TestAAUAttendPage" time="1744.824" classname="com.origin.aau.testauto.test.testsuites.WebTestAttendPage"/>
</testsuite> <!-- com.origin.aau.testauto.test.testsuites.WebTestAttendPage -->
