<?xml version="1.0" encoding="UTF-8"?>
<!-- Generated by org.testng.reporters.JUnitReportReporter -->
<testsuite skipped="0" hostname="Origins-Mac-mini.local" name="com.origin.fractal.testauto.test.testsuites.WebTestNewUI" tests="3" failures="0" timestamp="03 Dec 2019 12:40:56 GMT" time="546.982" errors="0">
  <testcase name="testMyAccountPage" time="150.884" classname="com.origin.fractal.testauto.test.testsuites.WebTestNewUI"/>
  <testcase name="testMyLearningPage0" time="155.960" classname="com.origin.fractal.testauto.test.testsuites.WebTestNewUI"/>
  <testcase name="testLogin" time="240.138" classname="com.origin.fractal.testauto.test.testsuites.WebTestNewUI"/>
</testsuite> <!-- com.origin.fractal.testauto.test.testsuites.WebTestNewUI -->
