<?xml version="1.0" encoding="UTF-8"?>
<!-- Generated by org.testng.reporters.JUnitReportReporter -->
<testsuite skipped="0" hostname="DESKTOP-TTUNNNM" name="com.origin.fractal.testauto.test.testsuites.WebTestsLogin" tests="4" failures="0" timestamp="17 Jan 2020 09:41:09 GMT" time="389.867" errors="0">
  <testcase name="testLoginInvalid" time="41.188" classname="com.origin.fractal.testauto.test.testsuites.WebTestsLogin"/>
  <testcase name="testLoginSearchLink" time="48.628" classname="com.origin.fractal.testauto.test.testsuites.WebTestsLogin"/>
  <testcase name="forgotPassword" time="101.170" classname="com.origin.fractal.testauto.test.testsuites.WebTestsLogin"/>
  <testcase name="testLogin" time="198.881" classname="com.origin.fractal.testauto.test.testsuites.WebTestsLogin"/>
</testsuite> <!-- com.origin.fractal.testauto.test.testsuites.WebTestsLogin -->
