<?xml version="1.0" encoding="UTF-8"?>
<!-- Generated by org.testng.reporters.JUnitReportReporter -->
<testsuite hostname="DESKTOP-814HI1R" failures="0" tests="6" name="com.origin.fractal.testauto.test.testsuites.WebTestClassroomEvents" time="1147.841" errors="0" timestamp="29 Nov 2019 05:40:54 GMT" skipped="0">
  <testcase classname="com.origin.fractal.testauto.test.testsuites.WebTestClassroomEvents" name="verifyEvents1" time="122.250"/>
  <testcase classname="com.origin.fractal.testauto.test.testsuites.WebTestClassroomEvents" name="verifyEvents3" time="151.250"/>
  <testcase classname="com.origin.fractal.testauto.test.testsuites.WebTestClassroomEvents" name="verifyEvents4" time="314.540"/>
  <testcase classname="com.origin.fractal.testauto.test.testsuites.WebTestClassroomEvents" name="verifyEvents2" time="138.327"/>
  <testcase classname="com.origin.fractal.testauto.test.testsuites.WebTestClassroomEvents" name="verifyEvents5" time="239.660"/>
  <testcase classname="com.origin.fractal.testauto.test.testsuites.WebTestClassroomEvents" name="verifyEvents" time="181.814"/>
</testsuite> <!-- com.origin.fractal.testauto.test.testsuites.WebTestClassroomEvents -->
