<?xml version="1.0" encoding="UTF-8"?>
<!-- Generated by org.testng.reporters.JUnitReportReporter -->
<<<<<<< HEAD
<testsuite skipped="0" hostname="Origins-Mac-mini.local" name="com.origin.fractal.testauto.test.testsuites.WebTestsLogin" tests="4" failures="0" timestamp="23 Sep 2019 12:47:54 GMT" time="324.684" errors="0">
  <testcase name="forgotPassword" time="71.637" classname="com.origin.fractal.testauto.test.testsuites.WebTestsLogin"/>
  <testcase name="testLoginSearchLink" time="18.746" classname="com.origin.fractal.testauto.test.testsuites.WebTestsLogin"/>
  <testcase name="testLogin" time="220.139" classname="com.origin.fractal.testauto.test.testsuites.WebTestsLogin"/>
  <testcase name="testLoginInvalid" time="14.162" classname="com.origin.fractal.testauto.test.testsuites.WebTestsLogin"/>
=======
<testsuite skipped="1" hostname="ORIGINAUTOMATION" name="com.origin.fractal.testauto.test.testsuites.WebTestsLogin" tests="4" failures="0" timestamp="04 Nov 2019 09:01:52 GMT" time="327.990" errors="0">
  <testcase name="testLoginSearchLink" time="23.891" classname="com.origin.fractal.testauto.test.testsuites.WebTestsLogin"/>
  <testcase name="testLogin" time="256.867" classname="com.origin.fractal.testauto.test.testsuites.WebTestsLogin"/>
  <testcase name="testLoginInvalid" time="47.232" classname="com.origin.fractal.testauto.test.testsuites.WebTestsLogin"/>
  <testcase name="forgotPassword" classname="com.origin.fractal.testauto.test.testsuites.WebTestsLogin">
    <skipped/>
  </testcase> <!-- forgotPassword -->
>>>>>>> 8160d7e10a79877b93c27dda25424c89d4dd7047
</testsuite> <!-- com.origin.fractal.testauto.test.testsuites.WebTestsLogin -->
