<?xml version="1.0" encoding="UTF-8"?>
<!-- Generated by org.testng.reporters.JUnitReportReporter -->
<<<<<<< HEAD
<testsuite skipped="1" hostname="Origins-Mac-mini.local" name="com.origin.fractal.testauto.test.testsuites.WebTestsAccount" tests="2" failures="0" timestamp="25 Oct 2019 10:45:14 GMT" time="114.222" errors="0">
  <testcase name="testMyAccountPage" time="114.222" classname="com.origin.fractal.testauto.test.testsuites.WebTestsAccount"/>
=======
<testsuite skipped="1" hostname="ORIGINAUTOMATION" name="com.origin.fractal.testauto.test.testsuites.WebTestsAccount" tests="2" failures="0" timestamp="11 Oct 2019 06:53:08 GMT" time="402.246" errors="0">
  <testcase name="testMyAccountPage" time="402.246" classname="com.origin.fractal.testauto.test.testsuites.WebTestsAccount"/>
>>>>>>> 8160d7e10a79877b93c27dda25424c89d4dd7047
  <testcase name="testMyAccountPage1" classname="com.origin.fractal.testauto.test.testsuites.WebTestsAccount">
    <skipped/>
  </testcase> <!-- testMyAccountPage1 -->
</testsuite> <!-- com.origin.fractal.testauto.test.testsuites.WebTestsAccount -->
