<?xml version="1.0" encoding="UTF-8"?>
<!-- Generated by org.testng.reporters.JUnitReportReporter -->
<testsuite skipped="0" hostname="OLSCHN-PC-0229-new" name="com.origin.fractal.testauto.test.testsuites.mobile.AndroidTestProd" tests="6" failures="0" timestamp="30 Dec 2019 06:19:33 GMT" time="1155.060" errors="0">
  <testcase name="verifySplashScreen" time="134.614" classname="com.origin.fractal.testauto.test.testsuites.mobile.AndroidTestProd"/>
  <testcase name="verifyMenuPage" time="124.862" classname="com.origin.fractal.testauto.test.testsuites.mobile.AndroidTestProd"/>
  <testcase name="verifySelectClientPage" time="100.828" classname="com.origin.fractal.testauto.test.testsuites.mobile.AndroidTestProd"/>
  <testcase name="verifHomePage" time="135.939" classname="com.origin.fractal.testauto.test.testsuites.mobile.AndroidTestProd"/>
  <testcase name="LoginPage" time="374.120" classname="com.origin.fractal.testauto.test.testsuites.mobile.AndroidTestProd"/>
  <testcase name="verifyMyAccountPage" time="284.697" classname="com.origin.fractal.testauto.test.testsuites.mobile.AndroidTestProd"/>
</testsuite> <!-- com.origin.fractal.testauto.test.testsuites.mobile.AndroidTestProd -->
