<?xml version="1.0" encoding="UTF-8"?>
<!-- Generated by org.testng.reporters.JUnitReportReporter -->
<testsuite skipped="2" hostname="Origins-Mac-mini.local" name="com.origin.fractal.testauto.test.testsuites.WebTestNewUI" tests="3" failures="0" timestamp="20 Nov 2019 06:48:55 GMT" time="161.918" errors="0">
  <testcase name="testMyAccountPage" time="161.918" classname="com.origin.fractal.testauto.test.testsuites.WebTestNewUI"/>
  <testcase name="testMyLearningPage0" classname="com.origin.fractal.testauto.test.testsuites.WebTestNewUI">
    <skipped/>
  </testcase> <!-- testMyLearningPage0 -->
  <testcase name="testLogin" classname="com.origin.fractal.testauto.test.testsuites.WebTestNewUI">
    <skipped/>
  </testcase> <!-- testLogin -->
</testsuite> <!-- com.origin.fractal.testauto.test.testsuites.WebTestNewUI -->
