<?xml version="1.0" encoding="UTF-8"?>
<!-- Generated by org.testng.reporters.JUnitReportReporter -->
<testsuite skipped="0" hostname="DESKTOP-TTUNNNM" name="com.origin.fractal.testauto.test.testsuites.WebTestReportsAdmin" tests="1" failures="0" timestamp="31 Jan 2020 06:03:22 GMT" time="77.622" errors="0">
  <testcase name="WebTestAdminReports" time="77.622" classname="com.origin.fractal.testauto.test.testsuites.WebTestReportsAdmin"/>
</testsuite> <!-- com.origin.fractal.testauto.test.testsuites.WebTestReportsAdmin -->
