<?xml version="1.0" encoding="UTF-8"?>
<!-- Generated by org.testng.reporters.JUnitReportReporter -->
<testsuite skipped="0" hostname="DESKTOP-TTUNNNM" name="com.origin.fractal.testauto.test.testsuites.WebTestSettingsAdmin" tests="1" failures="0" timestamp="29 Jan 2020 06:47:15 GMT" time="59.590" errors="0">
  <testcase name="WebTestSettingsAdminPaymentConfig" time="59.590" classname="com.origin.fractal.testauto.test.testsuites.WebTestSettingsAdmin"/>
</testsuite> <!-- com.origin.fractal.testauto.test.testsuites.WebTestSettingsAdmin -->
