<?xml version="1.0" encoding="UTF-8"?>
<!-- Generated by org.testng.reporters.JUnitReportReporter -->
<testsuite skipped="4" hostname="ORIGINAUTOMATION" name="com.origin.fractal.testauto.test.testsuites.WebTestsHome" tests="5" failures="0" timestamp="21 Oct 2019 12:05:27 GMT" time="104.396" errors="0">
  <testcase name="testHomePageVerifyFiltersRcntRecommended" time="104.396" classname="com.origin.fractal.testauto.test.testsuites.WebTestsHome"/>
  <testcase name="testHomePageX" classname="com.origin.fractal.testauto.test.testsuites.WebTestsHome">
    <skipped/>
  </testcase> <!-- testHomePageX -->
  <testcase name="testHomePageVerifyFiltersForKOandMostAdded" classname="com.origin.fractal.testauto.test.testsuites.WebTestsHome">
    <skipped/>
  </testcase> <!-- testHomePageVerifyFiltersForKOandMostAdded -->
  <testcase name="testHomePageVerifyRcntAddedCourseNavigation" classname="com.origin.fractal.testauto.test.testsuites.WebTestsHome">
    <skipped/>
  </testcase> <!-- testHomePageVerifyRcntAddedCourseNavigation -->
  <testcase name="testHomePage" classname="com.origin.fractal.testauto.test.testsuites.WebTestsHome">
    <skipped/>
  </testcase> <!-- testHomePage -->
</testsuite> <!-- com.origin.fractal.testauto.test.testsuites.WebTestsHome -->
