<?xml version="1.0" encoding="UTF-8"?>
<!-- Generated by org.testng.reporters.JUnitReportReporter -->
<testsuite skipped="3" hostname="OLSCHN-PC-0188" name="com.origin.fractal.testauto.test.testsuites.WebTestsLogin" tests="4" failures="0" timestamp="23 Oct 2019 05:03:02 GMT" time="86.996" errors="0">
  <testcase name="forgotPassword" time="86.996" classname="com.origin.fractal.testauto.test.testsuites.WebTestsLogin"/>
  <testcase name="testLoginInvalid" classname="com.origin.fractal.testauto.test.testsuites.WebTestsLogin">
    <skipped/>
  </testcase> <!-- testLoginInvalid -->
  <testcase name="testLoginSearchLink" classname="com.origin.fractal.testauto.test.testsuites.WebTestsLogin">
    <skipped/>
  </testcase> <!-- testLoginSearchLink -->
  <testcase name="testLogin" classname="com.origin.fractal.testauto.test.testsuites.WebTestsLogin">
    <skipped/>
  </testcase> <!-- testLogin -->
</testsuite> <!-- com.origin.fractal.testauto.test.testsuites.WebTestsLogin -->
