<?xml version="1.0" encoding="UTF-8"?>
<!-- Generated by org.testng.reporters.JUnitReportReporter -->
<testsuite hostname="DESKTOP-LJ29EIC" failures="0" tests="1" name="com.origin.originweb.testauto.test.testsuites.WebTestOriginFractal" time="152.417" errors="0" timestamp="15 Dec 2020 13:25:34 GMT" skipped="0">
  <testcase classname="com.origin.originweb.testauto.test.testsuites.WebTestOriginFractal" name="TestwebPageLoading" time="152.417"/>
</testsuite> <!-- com.origin.originweb.testauto.test.testsuites.WebTestOriginFractal -->
