<?xml version="1.0" encoding="UTF-8"?>
<!-- Generated by org.testng.reporters.JUnitReportReporter -->
<testsuite skipped="2" hostname="ORIGINAUTOMATION" name="com.origin.fractal.testauto.test.testsuites.WebTestContentAdmin" tests="4" failures="0" timestamp="29 Oct 2019 14:25:23 GMT" time="508.450" errors="0">
  <testcase name="WebTestManageContentAdmin" time="449.194" classname="com.origin.fractal.testauto.test.testsuites.WebTestContentAdmin"/>
  <testcase name="WebTestCataloguser" time="59.256" classname="com.origin.fractal.testauto.test.testsuites.WebTestContentAdmin"/>
  <testcase name="testMyAccountPage" classname="com.origin.fractal.testauto.test.testsuites.WebTestContentAdmin">
    <skipped/>
  </testcase> <!-- testMyAccountPage -->
  <testcase name="WebTestAdminSearch" classname="com.origin.fractal.testauto.test.testsuites.WebTestContentAdmin">
    <skipped/>
  </testcase> <!-- WebTestAdminSearch -->
</testsuite> <!-- com.origin.fractal.testauto.test.testsuites.WebTestContentAdmin -->
