<?xml version="1.0" encoding="UTF-8"?>
<!-- Generated by org.testng.reporters.JUnitReportReporter -->
<testsuite skipped="0" hostname="ORIGINAUTOMATION" name="com.origin.fractal.testauto.test.testsuites.WebTestVideoTester" tests="1" failures="0" timestamp="31 Jan 2020 10:37:47 GMT" time="71.082" errors="0">
  <testcase name="verifyvideo" time="71.082" classname="com.origin.fractal.testauto.test.testsuites.WebTestVideoTester"/>
</testsuite> <!-- com.origin.fractal.testauto.test.testsuites.WebTestVideoTester -->
