<?xml version="1.0" encoding="UTF-8"?>
<!-- Generated by org.testng.reporters.JUnitReportReporter -->
<testsuite skipped="0" hostname="DESKTOP-TTUNNNM" name="com.origin.fractal.testauto.test.testsuites.WebTestGlobalSearch" tests="1" failures="0" timestamp="31 Jan 2020 05:33:51 GMT" time="240.031" errors="0">
  <testcase name="GlobalSearchUsingCatalogandLearningObjects" time="240.031" classname="com.origin.fractal.testauto.test.testsuites.WebTestGlobalSearch"/>
</testsuite> <!-- com.origin.fractal.testauto.test.testsuites.WebTestGlobalSearch -->
