<?xml version="1.0" encoding="UTF-8"?>
<!-- Generated by org.testng.reporters.JUnitReportReporter -->
<testsuite skipped="0" hostname="DESKTOP-OJH8CE7" name="com.origin.aau.testauto.test.testsuites.WebTestEngagePage" tests="1" failures="0" timestamp="18 Feb 2020 06:23:29 GMT" time="81.608" errors="0">
  <testcase name="TestAAUEnagagePage" time="81.608" classname="com.origin.aau.testauto.test.testsuites.WebTestEngagePage"/>
</testsuite> <!-- com.origin.aau.testauto.test.testsuites.WebTestEngagePage -->
