<?xml version="1.0" encoding="UTF-8"?>
<!-- Generated by org.testng.reporters.JUnitReportReporter -->
<testsuite skipped="0" hostname="DESKTOP-LJ29EIC" name="com.origin.aau.testauto.test.testsuites.WebTestTrasformPage" tests="1" failures="0" timestamp="22 Feb 2020 11:51:58 GMT" time="107.688" errors="0">
  <testcase name="TestAAUTransformPage" time="107.688" classname="com.origin.aau.testauto.test.testsuites.WebTestTrasformPage"/>
</testsuite> <!-- com.origin.aau.testauto.test.testsuites.WebTestTrasformPage -->
