<?xml version="1.0" encoding="UTF-8"?>
<!-- Generated by org.testng.reporters.JUnitReportReporter -->
<testsuite skipped="0" hostname="ORIGINAUTOMATION" name="com.origin.fractal.testauto.test.testsuites.WebTestNotification" tests="1" failures="0" timestamp="03 Oct 2019 10:27:59 GMT" time="394.601" errors="0">
  <testcase name="WebTestEmailNotification" time="394.601" classname="com.origin.fractal.testauto.test.testsuites.WebTestNotification"/>
</testsuite> <!-- com.origin.fractal.testauto.test.testsuites.WebTestNotification -->
