<?xml version="1.0" encoding="UTF-8"?>
<!-- Generated by org.testng.reporters.JUnitReportReporter -->
<testsuite hostname="DESKTOP-814HI1R" failures="0" tests="2" name="com.origin.fractal.testauto.test.testsuites.WebTestClassroomCreation" time="356.473" errors="0" timestamp="01 Dec 2019 05:04:16 GMT" skipped="1">
  <testcase classname="com.origin.fractal.testauto.test.testsuites.WebTestClassroomCreation" name="testVerifyClassroomCreation" time="356.473"/>
  <testcase classname="com.origin.fractal.testauto.test.testsuites.WebTestClassroomCreation" name="testClassroomCreation">
    <skipped/>
  </testcase> <!-- testClassroomCreation -->
</testsuite> <!-- com.origin.fractal.testauto.test.testsuites.WebTestClassroomCreation -->
