<?xml version="1.0" encoding="UTF-8"?>
<!-- Generated by org.testng.reporters.JUnitReportReporter -->
<testsuite skipped="0" hostname="ORIGINAUTOMATION" name="com.origin.fractal.testauto.test.testsuites.WebTestClassroomCreation1" tests="1" failures="0" timestamp="05 Nov 2019 04:45:03 GMT" time="520.435" errors="0">
  <testcase name="testClassroomCreation" time="520.435" classname="com.origin.fractal.testauto.test.testsuites.WebTestClassroomCreation1"/>
</testsuite> <!-- com.origin.fractal.testauto.test.testsuites.WebTestClassroomCreation1 -->
