<?xml version="1.0" encoding="UTF-8"?>
<!-- Generated by org.testng.reporters.JUnitReportReporter -->
<testsuite skipped="1" hostname="ORIGINAUTOMATION" name="com.origin.fractal.testauto.test.testsuites.WebTestsLogin" tests="4" failures="0" timestamp="04 Nov 2019 09:01:52 GMT" time="327.990" errors="0">
  <testcase name="testLoginSearchLink" time="23.891" classname="com.origin.fractal.testauto.test.testsuites.WebTestsLogin"/>
  <testcase name="testLogin" time="256.867" classname="com.origin.fractal.testauto.test.testsuites.WebTestsLogin"/>
  <testcase name="testLoginInvalid" time="47.232" classname="com.origin.fractal.testauto.test.testsuites.WebTestsLogin"/>
  <testcase name="forgotPassword" classname="com.origin.fractal.testauto.test.testsuites.WebTestsLogin">
    <skipped/>
  </testcase> <!-- forgotPassword -->
</testsuite> <!-- com.origin.fractal.testauto.test.testsuites.WebTestsLogin -->
