<?xml version="1.0" encoding="UTF-8"?>
<!-- Generated by org.testng.reporters.JUnitReportReporter -->
<testsuite skipped="0" hostname="ORIGINAUTOMATION" name="com.origin.fractal.testauto.test.testsuites.WebTestClassroomEvents" tests="6" failures="0" timestamp="28 Jan 2020 06:29:44 GMT" time="1158.146" errors="0">
  <testcase name="verifyEvents" time="177.603" classname="com.origin.fractal.testauto.test.testsuites.WebTestClassroomEvents"/>
  <testcase name="verifyEvents3" time="173.725" classname="com.origin.fractal.testauto.test.testsuites.WebTestClassroomEvents"/>
  <testcase name="verifyEvents2" time="133.861" classname="com.origin.fractal.testauto.test.testsuites.WebTestClassroomEvents"/>
  <testcase name="verifyEvents5" time="228.815" classname="com.origin.fractal.testauto.test.testsuites.WebTestClassroomEvents"/>
  <testcase name="verifyEvents1" time="135.301" classname="com.origin.fractal.testauto.test.testsuites.WebTestClassroomEvents"/>
  <testcase name="verifyEvents4" time="308.841" classname="com.origin.fractal.testauto.test.testsuites.WebTestClassroomEvents"/>
</testsuite> <!-- com.origin.fractal.testauto.test.testsuites.WebTestClassroomEvents -->
