<?xml version="1.0" encoding="UTF-8"?>
<!-- Generated by org.testng.reporters.JUnitReportReporter -->
<testsuite skipped="0" hostname="DESKTOP-LJ29EIC" name="com.origin.aau.testauto.test.testsuites.WebTestLearnPage" tests="1" failures="0" timestamp="11 Mar 2020 04:52:55 GMT" time="278.817" errors="0">
  <testcase name="TestAAULearnPage" time="278.817" classname="com.origin.aau.testauto.test.testsuites.WebTestLearnPage"/>
</testsuite> <!-- com.origin.aau.testauto.test.testsuites.WebTestLearnPage -->
