<?xml version="1.0" encoding="UTF-8"?>
<!-- Generated by org.testng.reporters.JUnitReportReporter -->
<testsuite skipped="1" hostname="ORIGINAUTOMATION" name="com.origin.fractal.testauto.test.testsuites.WebTestsLogin" tests="4" failures="0" timestamp="22 Oct 2019 05:41:01 GMT" time="600.921" errors="0">
  <testcase name="testLoginInvalid" time="46.200" classname="com.origin.fractal.testauto.test.testsuites.WebTestsLogin"/>
  <testcase name="testLogin" time="530.105" classname="com.origin.fractal.testauto.test.testsuites.WebTestsLogin"/>
  <testcase name="testLoginSearchLink" time="24.616" classname="com.origin.fractal.testauto.test.testsuites.WebTestsLogin"/>
  <testcase name="forgotPassword" classname="com.origin.fractal.testauto.test.testsuites.WebTestsLogin">
    <skipped/>
  </testcase> <!-- forgotPassword -->
</testsuite> <!-- com.origin.fractal.testauto.test.testsuites.WebTestsLogin -->
