<?xml version="1.0" encoding="UTF-8"?>
<!-- Generated by org.testng.reporters.JUnitReportReporter -->
<testsuite skipped="0" hostname="ORIGINAUTOMATION" name="com.origin.fractal.testauto.test.testsuites.WebTestNewUI" tests="3" failures="0" timestamp="30 Nov 2019 13:38:41 GMT" time="735.037" errors="0">
  <testcase name="testLogin" time="310.934" classname="com.origin.fractal.testauto.test.testsuites.WebTestNewUI"/>
  <testcase name="testMyAccountPage" time="267.598" classname="com.origin.fractal.testauto.test.testsuites.WebTestNewUI"/>
  <testcase name="testMyLearningPage0" time="156.505" classname="com.origin.fractal.testauto.test.testsuites.WebTestNewUI"/>
</testsuite> <!-- com.origin.fractal.testauto.test.testsuites.WebTestNewUI -->
