<?xml version="1.0" encoding="UTF-8"?>
<!-- Generated by org.testng.reporters.JUnitReportReporter -->
<testsuite skipped="0" hostname="ORIGINAUTOMATION" name="com.origin.fractal.testauto.test.testsuites.WebTestsFractalLogin" tests="1" failures="0" timestamp="24 Mar 2020 07:49:03 GMT" time="322.984" errors="0">
  <testcase name="testLogin" time="322.984" classname="com.origin.fractal.testauto.test.testsuites.WebTestsFractalLogin"/>
</testsuite> <!-- com.origin.fractal.testauto.test.testsuites.WebTestsFractalLogin -->
