<?xml version="1.0" encoding="UTF-8"?>
<!-- Generated by org.testng.reporters.JUnitReportReporter -->
<testsuite skipped="0" hostname="ORIGINAUTOMATION" name="com.origin.fractal.testauto.test.testsuites.WebTestsClassroomCC" tests="1" failures="0" timestamp="03 Oct 2019 11:49:54 GMT" time="743.727" errors="0">
  <testcase name="testClassroom" time="743.727" classname="com.origin.fractal.testauto.test.testsuites.WebTestsClassroomCC"/>
</testsuite> <!-- com.origin.fractal.testauto.test.testsuites.WebTestsClassroomCC -->
