<?xml version="1.0" encoding="UTF-8"?>
<!-- Generated by org.testng.reporters.JUnitReportReporter -->
<testsuite skipped="5" hostname="ORIGINAUTOMATION" name="com.origin.fractal.testauto.test.testsuites.WebTestClassroomEvents" tests="6" failures="0" timestamp="29 Oct 2019 14:07:59 GMT" time="193.728" errors="0">
  <testcase name="verifyEvents" time="193.728" classname="com.origin.fractal.testauto.test.testsuites.WebTestClassroomEvents"/>
  <testcase name="verifyEvents3" classname="com.origin.fractal.testauto.test.testsuites.WebTestClassroomEvents">
    <skipped/>
  </testcase> <!-- verifyEvents3 -->
  <testcase name="verifyEvents4" classname="com.origin.fractal.testauto.test.testsuites.WebTestClassroomEvents">
    <skipped/>
  </testcase> <!-- verifyEvents4 -->
  <testcase name="verifyEvents1" classname="com.origin.fractal.testauto.test.testsuites.WebTestClassroomEvents">
    <skipped/>
  </testcase> <!-- verifyEvents1 -->
  <testcase name="verifyEvents2" classname="com.origin.fractal.testauto.test.testsuites.WebTestClassroomEvents">
    <skipped/>
  </testcase> <!-- verifyEvents2 -->
  <testcase name="verifyEvents5" classname="com.origin.fractal.testauto.test.testsuites.WebTestClassroomEvents">
    <skipped/>
  </testcase> <!-- verifyEvents5 -->
</testsuite> <!-- com.origin.fractal.testauto.test.testsuites.WebTestClassroomEvents -->
