<?xml version="1.0" encoding="UTF-8"?>
<!-- Generated by org.testng.reporters.JUnitReportReporter -->
<testsuite hostname="DESKTOP-814HI1R" failures="0" tests="2" name="com.origin.fractal.testauto.test.testsuites.WebTestsVenueCreation" time="401.373" errors="0" timestamp="29 Nov 2019 12:40:43 GMT" skipped="0">
  <testcase classname="com.origin.fractal.testauto.test.testsuites.WebTestsVenueCreation" name="invalidTests" time="257.256"/>
  <testcase classname="com.origin.fractal.testauto.test.testsuites.WebTestsVenueCreation" name="ClassroomVenu" time="144.117"/>
</testsuite> <!-- com.origin.fractal.testauto.test.testsuites.WebTestsVenueCreation -->
