<?xml version="1.0" encoding="UTF-8"?>
<!-- Generated by org.testng.reporters.JUnitReportReporter -->
<testsuite skipped="0" hostname="ORIGINAUTOMATION" name="com.origin.fractal.testauto.test.testsuites.WebTestNewUI" tests="3" failures="0" timestamp="03 Jan 2020 05:09:34 GMT" time="550.474" errors="0">
  <testcase name="testMyLearningPage0" time="167.250" classname="com.origin.fractal.testauto.test.testsuites.WebTestNewUI"/>
  <testcase name="testMyAccountPage" time="213.204" classname="com.origin.fractal.testauto.test.testsuites.WebTestNewUI"/>
  <testcase name="testLogin" time="170.020" classname="com.origin.fractal.testauto.test.testsuites.WebTestNewUI"/>
</testsuite> <!-- com.origin.fractal.testauto.test.testsuites.WebTestNewUI -->
