<?xml version="1.0" encoding="UTF-8"?>
<!-- Generated by org.testng.reporters.JUnitReportReporter -->
<testsuite skipped="0" hostname="OLSCHN-PC-0229-new" name="com.origin.fractal.testauto.test.testsuites.mobile.AndroidTestProd" tests="6" failures="0" timestamp="29 Nov 2019 16:39:47 GMT" time="1146.503" errors="0">
  <testcase name="verifySplashScreen" time="115.294" classname="com.origin.fractal.testauto.test.testsuites.mobile.AndroidTestProd"/>
  <testcase name="LoginPage" time="239.476" classname="com.origin.fractal.testauto.test.testsuites.mobile.AndroidTestProd"/>
  <testcase name="verifyMenuPage" time="152.919" classname="com.origin.fractal.testauto.test.testsuites.mobile.AndroidTestProd"/>
  <testcase name="verifHomePage" time="219.520" classname="com.origin.fractal.testauto.test.testsuites.mobile.AndroidTestProd"/>
  <testcase name="verifyMyAccountPage" time="305.574" classname="com.origin.fractal.testauto.test.testsuites.mobile.AndroidTestProd"/>
  <testcase name="verifySelectClientPage" time="113.720" classname="com.origin.fractal.testauto.test.testsuites.mobile.AndroidTestProd"/>
</testsuite> <!-- com.origin.fractal.testauto.test.testsuites.mobile.AndroidTestProd -->
