<?xml version="1.0" encoding="UTF-8"?>
<!-- Generated by org.testng.reporters.JUnitReportReporter -->
<testsuite skipped="0" hostname="DESKTOP-LJ29EIC" name="com.origin.orignweb.testauto.test.testsuites.WebTestsample" tests="1" failures="0" timestamp="10 Oct 2020 15:39:23 GMT" time="61.919" errors="0">
  <testcase name="TestAAUGlobalElements" time="61.919" classname="com.origin.orignweb.testauto.test.testsuites.WebTestsample"/>
</testsuite> <!-- com.origin.orignweb.testauto.test.testsuites.WebTestsample -->
