<?xml version="1.0" encoding="UTF-8"?>
<!-- Generated by org.testng.reporters.JUnitReportReporter -->
<testsuite skipped="0" hostname="ORIGINAUTOMATION" name="com.origin.fractal.testauto.test.testsuites.WebTestVideoTester" tests="1" failures="0" timestamp="21 Jan 2020 11:33:02 GMT" time="94.555" errors="0">
  <testcase name="verifyvideo" time="94.555" classname="com.origin.fractal.testauto.test.testsuites.WebTestVideoTester"/>
</testsuite> <!-- com.origin.fractal.testauto.test.testsuites.WebTestVideoTester -->
