<?xml version="1.0" encoding="UTF-8"?>
<!-- Generated by org.testng.reporters.JUnitReportReporter -->
<testsuite hostname="DESKTOP-814HI1R" failures="0" tests="5" name="com.origin.fractal.testauto.test.testsuites.WebTestsHome" time="564.515" errors="0" timestamp="29 Nov 2019 06:41:58 GMT" skipped="2">
  <testcase classname="com.origin.fractal.testauto.test.testsuites.WebTestsHome" name="testHomePage" time="178.645"/>
  <testcase classname="com.origin.fractal.testauto.test.testsuites.WebTestsHome" name="testHomePageVerifyFiltersRcntRecommended" time="337.890"/>
  <testcase classname="com.origin.fractal.testauto.test.testsuites.WebTestsHome" name="testHomePageVerifyRcntAddedCourseNavigation" time="47.980"/>
  <testcase classname="com.origin.fractal.testauto.test.testsuites.WebTestsHome" name="testHomePageX">
    <skipped/>
  </testcase> <!-- testHomePageX -->
  <testcase classname="com.origin.fractal.testauto.test.testsuites.WebTestsHome" name="testHomePageVerifyFiltersForKOandMostAdded">
    <skipped/>
  </testcase> <!-- testHomePageVerifyFiltersForKOandMostAdded -->
</testsuite> <!-- com.origin.fractal.testauto.test.testsuites.WebTestsHome -->
