<?xml version="1.0" encoding="UTF-8"?>
<!-- Generated by org.testng.reporters.JUnitReportReporter -->
<testsuite skipped="0" hostname="ORIGINAUTOMATION" name="com.origin.fractal.testauto.test.testsuites.WebTestsMyLearning" tests="5" failures="0" timestamp="22 Jan 2020 07:43:41 GMT" time="899.728" errors="0">
  <testcase name="testMyLearningPage0" time="148.322" classname="com.origin.fractal.testauto.test.testsuites.WebTestsMyLearning"/>
  <testcase name="testMyLearningPage2" time="208.704" classname="com.origin.fractal.testauto.test.testsuites.WebTestsMyLearning"/>
  <testcase name="testMyLearningPage3" time="137.431" classname="com.origin.fractal.testauto.test.testsuites.WebTestsMyLearning"/>
  <testcase name="testMyLearningPageClassroom" time="245.264" classname="com.origin.fractal.testauto.test.testsuites.WebTestsMyLearning"/>
  <testcase name="testMyLearningPage1" time="160.007" classname="com.origin.fractal.testauto.test.testsuites.WebTestsMyLearning"/>
</testsuite> <!-- com.origin.fractal.testauto.test.testsuites.WebTestsMyLearning -->
