<?xml version="1.0" encoding="UTF-8"?>
<!-- Generated by org.testng.reporters.JUnitReportReporter -->
<testsuite skipped="0" hostname="ORIGINAUTOMATION" name="com.origin.fractal.testauto.test.testsuites.WebTestsSettings" tests="1" failures="0" timestamp="10 Oct 2019 06:22:47 GMT" time="27.488" errors="0">
  <testcase name="testSettings" time="27.488" classname="com.origin.fractal.testauto.test.testsuites.WebTestsSettings"/>
</testsuite> <!-- com.origin.fractal.testauto.test.testsuites.WebTestsSettings -->
